2023-05-16 09:31:29,648 =============================================================
2023-05-16 09:31:29,648 =============================================================
2023-05-16 09:31:29,648 Today is 2023-05-16 at 09:31 AM
2023-05-16 09:31:29,691 This file is running on: nt Windows 10
2023-05-16 09:31:29,691 The Python version is: 3.11.3
2023-05-16 09:31:29,691 The active conda environment is:  None
2023-05-16 09:31:29,691 The active pip environment is:    None
2023-05-16 09:31:29,691 The active environment path is:   C:\Users\aaron\AppData\Local\Programs\Python\Python311
2023-05-16 09:31:29,691 The current working directory is: C:\Users\aaron\OneDrive\Documents\datafun-01-getting-started
2023-05-16 09:31:29,691 This source file is in:           c:\Users\aaron\OneDrive\Documents\datafun-01-getting-started
2023-05-16 09:31:29,691 =============================================================
2023-05-16 09:31:29,691 =============================================================
2023-05-16 09:31:29,691 Name: Aaron Birdsong 
2023-05-16 09:31:29,691 State: Missouri
2023-05-16 09:31:29,691 Country: USA
2023-05-16 09:31:29,691 Pet count: 3
2023-05-16 09:31:29,691 Skill count: 25
2023-05-16 09:31:29,691 Temperature: 72
2023-05-16 09:31:29,691 Pet weight: 24.7
2023-05-16 09:31:29,691 Has dog: True
2023-05-16 09:31:29,691 Likes analytics: True
2023-05-16 09:31:29,691 Likes Python: True
